::1 - - [14/Apr/2019:17:35:41 -0700] "GET 
/labfour/login.html?returnbtn=Return+To+Login+To+Comment HTTP/1.1" 200 
1086
::1 - - [14/Apr/2019:17:35:42 -0700] "POST /labfour/projects.php 
HTTP/1.1" 200 2735
::1 - - [14/Apr/2019:17:35:46 -0700] "POST /labfour/summary.php 
HTTP/1.1" 200 2211
::1 - - [14/Apr/2019:17:36:01 -0700] "GET /labfour/summary.php HTTP/1.1" 
200 3589
::1 - - [14/Apr/2019:17:39:24 -0700] "GET /labfour/summary.php HTTP/1.1" 
200 3589
::1 - - [14/Apr/2019:17:39:40 -0700] "GET 
/labfour/login.html?returnbtn=Return+To+Login+To+Comment HTTP/1.1" 200 
1086
::1 - - [14/Apr/2019:17:39:41 -0700] "POST /labfour/projects.php 
HTTP/1.1" 200 2735
::1 - - [14/Apr/2019:17:39:43 -0700] "POST /labfour/summary.php 
HTTP/1.1" 200 2220
::1 - - [14/Apr/2019:17:39:46 -0700] "GET 
/labfour/login.html?returnbtn=Return+To+Login+To+Comment HTTP/1.1" 200 
1086
::1 - - [14/Apr/2019:17:39:48 -0700] "POST /labfour/projects.php 
HTTP/1.1" 200 2735
::1 - - [14/Apr/2019:17:39:49 -0700] "POST /labfour/summary.php 
HTTP/1.1" 200 2220
::1 - - [14/Apr/2019:17:47:35 -0700] "GET 
/labfour/login.html?returnbtn=Return+To+Login+To+Comment HTTP/1.1" 200 
1086
::1 - - [14/Apr/2019:17:47:37 -0700] "POST /labfour/projects.php 
HTTP/1.1" 200 2794
::1 - - [14/Apr/2019:17:47:40 -0700] "POST /labfour/summary.php 
HTTP/1.1" 200 2363
::1 - - [14/Apr/2019:17:48:18 -0700] "POST /labfour/logout.php HTTP/1.1" 
302 140
::1 - - [14/Apr/2019:17:48:18 -0700] "GET /labfour/login.html HTTP/1.1" 
200 1086
::1 - - [14/Apr/2019:17:48:20 -0700] "POST /labfour/projects.php 
HTTP/1.1" 200 2804
::1 - - [14/Apr/2019:17:48:23 -0700] "POST /labfour/summary.php 
HTTP/1.1" 200 3734
::1 - - [14/Apr/2019:17:50:43 -0700] "POST /labfour/logout.php HTTP/1.1" 
302 140
::1 - - [14/Apr/2019:17:50:43 -0700] "GET /labfour/login.html HTTP/1.1" 
200 1086
::1 - - [14/Apr/2019:17:50:44 -0700] "POST /labfour/projects.php 
HTTP/1.1" 200 2794
::1 - - [14/Apr/2019:17:50:46 -0700] "POST /labfour/summary.php 
HTTP/1.1" 200 3729
::1 - - [14/Apr/2019:17:50:50 -0700] "GET 
/labfour/login.html?returnbtn=Return+To+Login+To+Comment HTTP/1.1" 200 
1086
::1 - - [14/Apr/2019:17:53:45 -0700] "POST /labfour/projects.php 
HTTP/1.1" 200 2794
::1 - - [14/Apr/2019:17:53:52 -0700] "POST /labfour/summary.php 
HTTP/1.1" 200 2360
::1 - - [14/Apr/2019:17:54:59 -0700] "GET 
/labfour/login.html?returnbtn=Return+To+Login+To+Comment HTTP/1.1" 200 
1086
::1 - - [14/Apr/2019:17:55:00 -0700] "POST /labfour/projects.php 
HTTP/1.1" 200 2794
::1 - - [14/Apr/2019:17:55:04 -0700] "POST /labfour/summary.php 
HTTP/1.1" 200 2341
::1 - - [14/Apr/2019:17:55:05 -0700] "POST /labfour/logout.php HTTP/1.1" 
302 140
::1 - - [14/Apr/2019:17:55:05 -0700] "GET /labfour/login.html HTTP/1.1" 
200 1086
::1 - - [14/Apr/2019:17:55:06 -0700] "POST /labfour/projects.php 
HTTP/1.1" 200 2794
::1 - - [14/Apr/2019:17:55:08 -0700] "POST /labfour/summary.php 
HTTP/1.1" 200 3710
::1 - - [14/Apr/2019:17:55:11 -0700] "GET 
/labfour/login.html?returnbtn=Return+To+Login+To+Comment HTTP/1.1" 200 
1086
::1 - - [14/Apr/2019:17:55:37 -0700] "GET 
/labfour/login.html?returnbtn=Return+To+Login+To+Comment HTTP/1.1" 200 
1086
::1 - - [14/Apr/2019:17:55:39 -0700] "POST /labfour/projects.php 
HTTP/1.1" 200 2784
::1 - - [14/Apr/2019:17:55:40 -0700] "POST /labfour/summary.php 
HTTP/1.1" 200 2341
::1 - - [14/Apr/2019:17:56:32 -0700] "POST /labfour/logout.php HTTP/1.1" 
302 140
::1 - - [14/Apr/2019:17:56:32 -0700] "GET /labfour/login.html HTTP/1.1" 
200 1086
::1 - - [14/Apr/2019:17:56:39 -0700] "POST /labfour/projects.php 
HTTP/1.1" 200 2791
::1 - - [14/Apr/2019:17:56:52 -0700] "POST /labfour/summary.php 
HTTP/1.1" 200 3602
::1 - - [14/Apr/2019:17:57:01 -0700] "GET 
/labfour/login.html?returnbtn=Return+To+Login+To+Comment HTTP/1.1" 200 
1086
::1 - - [14/Apr/2019:17:57:03 -0700] "POST /labfour/projects.php 
HTTP/1.1" 200 2791
::1 - - [14/Apr/2019:17:57:04 -0700] "POST /labfour/summary.php 
HTTP/1.1" 200 2233
::1 - - [14/Apr/2019:17:57:06 -0700] "GET 
/labfour/login.html?returnbtn=Return+To+Login+To+Comment HTTP/1.1" 200 
1086
::1 - - [14/Apr/2019:17:57:08 -0700] "POST /labfour/projects.php 
HTTP/1.1" 200 2791
::1 - - [14/Apr/2019:17:57:10 -0700] "POST /labfour/summary.php 
HTTP/1.1" 200 2233
::1 - - [14/Apr/2019:17:57:14 -0700] "GET 
/labfour/login.html?returnbtn=Return+To+Login+To+Comment HTTP/1.1" 200 
1086
::1 - - [14/Apr/2019:17:57:15 -0700] "POST /labfour/projects.php 
HTTP/1.1" 200 2791
::1 - - [14/Apr/2019:17:58:02 -0700] "POST /labfour/logout.php HTTP/1.1" 
302 140
::1 - - [14/Apr/2019:17:58:02 -0700] "GET /labfour/login.html HTTP/1.1" 
200 1086
::1 - - [14/Apr/2019:17:58:06 -0700] "POST /labfour/projects.php 
HTTP/1.1" 200 2793
::1 - - [14/Apr/2019:17:58:12 -0700] "POST /labfour/summary.php 
HTTP/1.1" 200 3953
::1 - - [14/Apr/2019:17:58:16 -0700] "GET 
/labfour/login.html?returnbtn=Return+To+Login+To+Comment HTTP/1.1" 200 
1086
::1 - - [14/Apr/2019:17:58:18 -0700] "POST /labfour/projects.php 
HTTP/1.1" 200 2793
::1 - - [14/Apr/2019:17:58:24 -0700] "POST /labfour/summary.php 
HTTP/1.1" 200 2590
::1 - - [14/Apr/2019:17:58:31 -0700] "GET 
/labfour/login.html?returnbtn=Return+To+Login+To+Comment HTTP/1.1" 200 
1086
::1 - - [14/Apr/2019:18:01:18 -0700] "POST /labfour/projects.php 
HTTP/1.1" 200 2793
::1 - - [14/Apr/2019:18:02:12 -0700] "POST /labfour/summary.php 
HTTP/1.1" 200 2611
::1 - - [14/Apr/2019:18:02:19 -0700] "GET 
/labfour/login.html?returnbtn=Return+To+Login+To+Comment HTTP/1.1" 200 
1086
::1 - - [14/Apr/2019:18:02:21 -0700] "POST /labfour/projects.php 
HTTP/1.1" 200 2793
::1 - - [14/Apr/2019:18:02:34 -0700] "POST /labfour/summary.php 
HTTP/1.1" 200 2646

